#
# There is insufficient memory for the Java Runtime Environment to continue.
# Native memory allocation (mmap) failed to map 264241152 bytes. Error detail: G1 virtual space
# Possible reasons:
#   The system is out of physical RAM or swap space
#   This process is running with CompressedOops enabled, and the Java Heap may be blocking the growth of the native heap
# Possible solutions:
#   Reduce memory load on the system
#   Increase physical memory or swap space
#   Check if swap backing store is full
#   Decrease Java heap size (-Xmx/-Xms)
#   Decrease number of Java threads
#   Decrease Java thread stack sizes (-Xss)
#   Set larger code cache with -XX:ReservedCodeCacheSize=
#   JVM is running with Zero Based Compressed Oops mode in which the Java heap is
#     placed in the first 32GB address space. The Java Heap base address is the
#     maximum limit for the native heap growth. Please use -XX:HeapBaseMinAddress
#     to set the Java Heap base and to place the Java Heap above 32GB virtual address.
# This output file may be truncated or incomplete.
#
#  Out of Memory Error (os_windows.cpp:3736), pid=19228, tid=5568
#
# JRE version:  (21.0.7+6) (build )
# Java VM: OpenJDK 64-Bit Server VM (21.0.7+6-LTS, mixed mode, sharing, tiered, compressed oops, compressed class ptrs, g1 gc, windows-amd64)
# No core dump will be written. Minidumps are not enabled by default on client versions of Windows
#

---------------  S U M M A R Y ------------

Command Line: -Dnet.bytebuddy.agent.attacher.dump= net.bytebuddy.agent.Attacher com.sun.tools.attach.VirtualMachine 10940 C:\Users\SebastianPC\.gradle\caches\modules-2\files-2.1\net.bytebuddy\byte-buddy-agent\1.17.6\17b32fd9f57deef02842f7f05abc4ad8127fe34e\byte-buddy-agent-1.17.6.jar false 

Host: 12th Gen Intel(R) Core(TM) i5-1235U, 12 cores, 15G,  Windows 11 , 64 bit Build 26100 (10.0.26100.4768)
Time: Fri Sep  5 08:01:29 2025 Central European Daylight Time elapsed time: 1.216471 seconds (0d 0h 0m 1s)

---------------  T H R E A D  ---------------

Current thread (0x000002c093c1f850):  JavaThread "Unknown thread" [_thread_in_vm, id=5568, stack(0x000000f71d200000,0x000000f71d300000) (1024K)]

Stack: [0x000000f71d200000,0x000000f71d300000]
Native frames: (J=compiled Java code, j=interpreted, Vv=VM code, C=native code)
V  [jvm.dll+0x6d4bb9]
V  [jvm.dll+0x8afa11]
V  [jvm.dll+0x8b1f3e]
V  [jvm.dll+0x8b2623]
V  [jvm.dll+0x280816]
V  [jvm.dll+0x6d1385]
V  [jvm.dll+0x6c552a]
V  [jvm.dll+0x35b978]
V  [jvm.dll+0x3635f6]
V  [jvm.dll+0x3b4b9e]
V  [jvm.dll+0x3b4e48]
V  [jvm.dll+0x32f9bc]
V  [jvm.dll+0x33051b]
V  [jvm.dll+0x878909]
V  [jvm.dll+0x3c1b91]
V  [jvm.dll+0x861973]
V  [jvm.dll+0x456b7e]
V  [jvm.dll+0x4587c1]
C  [jli.dll+0x52a0]
C  [ucrtbase.dll+0x37b0]
C  [KERNEL32.DLL+0x2e8d7]
C  [ntdll.dll+0x3c34c]


---------------  P R O C E S S  ---------------

Threads class SMR info:
_java_thread_list=0x00007ffd82a72108, length=0, elements={
}

Java Threads: ( => current thread )
Total: 0

Other Threads:
  0x000002c09601d500 WorkerThread "GC Thread#0"                     [id=24012, stack(0x000000f71d300000,0x000000f71d400000) (1024K)]
  0x000002c09602ef20 ConcurrentGCThread "G1 Main Marker"            [id=21856, stack(0x000000f71d400000,0x000000f71d500000) (1024K)]
  0x000002c0960319e0 WorkerThread "G1 Conc#0"                       [id=22652, stack(0x000000f71d500000,0x000000f71d600000) (1024K)]

[error occurred during error reporting (printing all threads), id 0xc0000005, EXCEPTION_ACCESS_VIOLATION (0xc0000005) at pc=0x00007ffd82172327]
VM state: not at safepoint (not fully initialized)

VM Mutex/Monitor currently owned by a thread:  ([mutex/lock_event])
[0x00007ffd82ae6578] Heap_lock - owner thread: 0x000002c093c1f850

Heap address: 0x0000000704400000, size: 4028 MB, Compressed Oops mode: Zero based, Oop shift amount: 3

CDS archive(s) mapped at: [0x0000000000000000-0x0000000000000000-0x0000000000000000), size 0, SharedBaseAddress: 0x0000000800000000, ArchiveRelocationMode: 1.
Narrow klass base: 0x0000000000000000, Narrow klass shift: 0, Narrow klass range: 0x0

GC Precious Log:
 CardTable entry size: 512
 Card Set container configuration: InlinePtr #cards 4 size 8 Array Of Cards #cards 16 size 48 Howl #buckets 8 coarsen threshold 3686 Howl Bitmap #cards 512 size 80 coarsen threshold 460 Card regions per heap region 1 cards per card region 4096

Heap:
 garbage-first heap   total 0K, used 0K [0x0000000704400000, 0x0000000800000000)
  region size 2048K, 0 young (0K), 0 survivors (0K)

[error occurred during error reporting (printing heap information), id 0xc0000005, EXCEPTION_ACCESS_VIOLATION (0xc0000005) at pc=0x00007ffd8255ea59]
GC Heap History (0 events):
No events

Dll operation events (1 events):
Event: 0.004 Loaded shared library C:\Users\SebastianPC\.jdks\ms-21.0.7\bin\java.dll

Deoptimization events (0 events):
No events

Classes loaded (0 events):
No events

Classes unloaded (0 events):
No events

Classes redefined (0 events):
No events

Internal exceptions (0 events):
No events

ZGC Phase Switch (0 events):
No events

VM Operations (0 events):
No events

Memory protections (0 events):
No events

Nmethod flushes (0 events):
No events

Events (0 events):
No events


Dynamic libraries:
0x00007ff63a8d0000 - 0x00007ff63a8de000 	C:\Users\SebastianPC\.jdks\ms-21.0.7\bin\java.exe
0x00007ffe11b00000 - 0x00007ffe11d67000 	C:\WINDOWS\SYSTEM32\ntdll.dll
0x00007ffe107b0000 - 0x00007ffe10879000 	C:\WINDOWS\System32\KERNEL32.DLL
0x00007ffe0ee80000 - 0x00007ffe0f270000 	C:\WINDOWS\System32\KERNELBASE.dll
0x00007ffe0f310000 - 0x00007ffe0f45b000 	C:\WINDOWS\System32\ucrtbase.dll
0x00007ffdf6340000 - 0x00007ffdf635d000 	C:\Users\SebastianPC\.jdks\ms-21.0.7\bin\VCRUNTIME140.dll
0x00007ffdf6360000 - 0x00007ffdf6378000 	C:\Users\SebastianPC\.jdks\ms-21.0.7\bin\jli.dll
0x00007ffe11210000 - 0x00007ffe113d5000 	C:\WINDOWS\System32\USER32.dll
0x00007ffde4f70000 - 0x00007ffde520a000 	C:\WINDOWS\WinSxS\amd64_microsoft.windows.common-controls_6595b64144ccf1df_6.0.26100.4768_none_3e0c112ce331287c\COMCTL32.dll
0x00007ffe0f890000 - 0x00007ffe0f939000 	C:\WINDOWS\System32\msvcrt.dll
0x00007ffe0ec30000 - 0x00007ffe0ec57000 	C:\WINDOWS\System32\win32u.dll
0x00007ffe106f0000 - 0x00007ffe1071b000 	C:\WINDOWS\System32\GDI32.dll
0x00007ffe0f5d0000 - 0x00007ffe0f708000 	C:\WINDOWS\System32\gdi32full.dll
0x00007ffe0f520000 - 0x00007ffe0f5c3000 	C:\WINDOWS\System32\msvcp_win.dll
0x00007ffe100d0000 - 0x00007ffe100ff000 	C:\WINDOWS\System32\IMM32.DLL
0x00007ffdf7eb0000 - 0x00007ffdf7ebc000 	C:\Users\SebastianPC\.jdks\ms-21.0.7\bin\vcruntime140_1.dll
0x00007ffdeac30000 - 0x00007ffdeacbd000 	C:\Users\SebastianPC\.jdks\ms-21.0.7\bin\msvcp140.dll
0x00007ffd81e30000 - 0x00007ffd82bc8000 	C:\Users\SebastianPC\.jdks\ms-21.0.7\bin\server\jvm.dll
0x00007ffe119f0000 - 0x00007ffe11aa4000 	C:\WINDOWS\System32\ADVAPI32.dll
0x00007ffe10920000 - 0x00007ffe109c6000 	C:\WINDOWS\System32\sechost.dll
0x00007ffe0fc20000 - 0x00007ffe0fd38000 	C:\WINDOWS\System32\RPCRT4.dll
0x00007ffe10730000 - 0x00007ffe107a4000 	C:\WINDOWS\System32\WS2_32.dll
0x00007ffe0ea90000 - 0x00007ffe0eaee000 	C:\WINDOWS\SYSTEM32\POWRPROF.dll
0x00007ffdfbbf0000 - 0x00007ffdfbbfb000 	C:\WINDOWS\SYSTEM32\VERSION.dll
0x00007ffe042c0000 - 0x00007ffe042f5000 	C:\WINDOWS\SYSTEM32\WINMM.dll
0x00007ffe0ea70000 - 0x00007ffe0ea84000 	C:\WINDOWS\SYSTEM32\UMPDC.dll
0x00007ffe0d8f0000 - 0x00007ffe0d90b000 	C:\WINDOWS\SYSTEM32\kernel.appcore.dll
0x00007ffdf7cf0000 - 0x00007ffdf7cfa000 	C:\Users\SebastianPC\.jdks\ms-21.0.7\bin\jimage.dll
0x00007ffe0c420000 - 0x00007ffe0c661000 	C:\WINDOWS\SYSTEM32\DBGHELP.DLL
0x00007ffe0fd40000 - 0x00007ffe100c5000 	C:\WINDOWS\System32\combase.dll
0x00007ffe11120000 - 0x00007ffe11200000 	C:\WINDOWS\System32\OLEAUT32.dll
0x00007ffddff30000 - 0x00007ffddff73000 	C:\WINDOWS\SYSTEM32\dbgcore.DLL
0x00007ffe0ec60000 - 0x00007ffe0ecf9000 	C:\WINDOWS\System32\bcryptPrimitives.dll
0x00007ffdf6320000 - 0x00007ffdf6340000 	C:\Users\SebastianPC\.jdks\ms-21.0.7\bin\java.dll

dbghelp: loaded successfully - version: 4.0.5 - missing functions: none
symbol engine: initialized successfully - sym options: 0x614 - pdb path: .;C:\Users\SebastianPC\.jdks\ms-21.0.7\bin;C:\WINDOWS\SYSTEM32;C:\WINDOWS\WinSxS\amd64_microsoft.windows.common-controls_6595b64144ccf1df_6.0.26100.4768_none_3e0c112ce331287c;C:\Users\SebastianPC\.jdks\ms-21.0.7\bin\server

VM Arguments:
jvm_args: -Dnet.bytebuddy.agent.attacher.dump= 
java_command: net.bytebuddy.agent.Attacher com.sun.tools.attach.VirtualMachine 10940 C:\Users\SebastianPC\.gradle\caches\modules-2\files-2.1\net.bytebuddy\byte-buddy-agent\1.17.6\17b32fd9f57deef02842f7f05abc4ad8127fe34e\byte-buddy-agent-1.17.6.jar false 
java_class_path (initial): C:\Users\SebastianPC\.gradle\caches\modules-2\files-2.1\net.bytebuddy\byte-buddy-agent\1.17.6\17b32fd9f57deef02842f7f05abc4ad8127fe34e\byte-buddy-agent-1.17.6.jar
Launcher Type: SUN_STANDARD

[Global flags]
     intx CICompilerCount                          = 4                                         {product} {ergonomic}
     uint ConcGCThreads                            = 3                                         {product} {ergonomic}
     uint G1ConcRefinementThreads                  = 10                                        {product} {ergonomic}
   size_t G1HeapRegionSize                         = 2097152                                   {product} {ergonomic}
    uintx GCDrainStackTargetSize                   = 64                                        {product} {ergonomic}
   size_t InitialHeapSize                          = 264241152                                 {product} {ergonomic}
   size_t MarkStackSize                            = 4194304                                   {product} {ergonomic}
   size_t MaxHeapSize                              = 4223664128                                {product} {ergonomic}
   size_t MinHeapDeltaBytes                        = 2097152                                   {product} {ergonomic}
   size_t MinHeapSize                              = 8388608                                   {product} {ergonomic}
    uintx NonNMethodCodeHeapSize                   = 5839372                                {pd product} {ergonomic}
    uintx NonProfiledCodeHeapSize                  = 122909434                              {pd product} {ergonomic}
    uintx ProfiledCodeHeapSize                     = 122909434                              {pd product} {ergonomic}
    uintx ReservedCodeCacheSize                    = 251658240                              {pd product} {ergonomic}
     bool SegmentedCodeCache                       = true                                      {product} {ergonomic}
   size_t SoftMaxHeapSize                          = 4223664128                             {manageable} {ergonomic}
     bool UseCompressedOops                        = true                           {product lp64_product} {ergonomic}
     bool UseG1GC                                  = true                                      {product} {ergonomic}
     bool UseLargePagesIndividualAllocation        = false                                  {pd product} {ergonomic}

Logging:
Log output configuration:
 #0: stdout all=warning uptime,level,tags foldmultilines=false
 #1: stderr all=off uptime,level,tags foldmultilines=false

Environment Variables:
PATH=C:\Program Files\Common Files\Oracle\Java\javapath;C:\Program Files (x86)\Common Files\Oracle\Java\java8path;C:\Program Files (x86)\Common Files\Oracle\Java\javapath;C:\Python312\Scripts\;C:\Python312\;C:\WINDOWS\system32;C:\WINDOWS;C:\WINDOWS\System32\Wbem;C:\WINDOWS\System32\WindowsPowerShell\v1.0\;C:\WINDOWS\System32\OpenSSH\;C:\Program Files\Docker\Docker\resources\bin;C:\Program Files\nodejs\;C:\ProgramData\chocolatey\bin;C:\Program Files\Git\cmd;C:\Program Files\dotnet\;C:\Program Files (x86)\NVIDIA Corporation\PhysX\Common;C:\Users\SebastianPC\AppData\Local\Microsoft\WindowsApps;C:\Users\SebastianPC\AppData\Local\Programs\Microsoft VS Code\bin;C:\Users\SebastianPC\AppData\Roaming\npm;C:\gradle-8.14\bin;
USERNAME=SebastianPC
OS=Windows_NT
PROCESSOR_IDENTIFIER=Intel64 Family 6 Model 154 Stepping 4, GenuineIntel
TMP=C:\Users\SEBAST~1\AppData\Local\Temp
TEMP=C:\Users\SEBAST~1\AppData\Local\Temp




Periodic native trim disabled

---------------  S Y S T E M  ---------------

OS:
 Windows 11 , 64 bit Build 26100 (10.0.26100.4768)
OS uptime: 9 days 20:32 hours
Hyper-V role detected

CPU: total 12 (initial active 12) (6 cores per cpu, 2 threads per core) family 6 model 154 stepping 4 microcode 0x424, cx8, cmov, fxsr, ht, mmx, 3dnowpref, sse, sse2, sse3, ssse3, sse4.1, sse4.2, popcnt, lzcnt, tsc, tscinvbit, avx, avx2, aes, erms, clmul, bmi1, bmi2, adx, sha, fma, vzeroupper, clflush, clflushopt, clwb, hv, serialize, rdtscp, rdpid, fsrm, f16c, cet_ibt, cet_ss
Processor Information for processor 0
  Max Mhz: 1300, Current Mhz: 1300, Mhz Limit: 1300
Processor Information for processor 1
  Max Mhz: 1300, Current Mhz: 1300, Mhz Limit: 1300
Processor Information for processor 2
  Max Mhz: 1300, Current Mhz: 1300, Mhz Limit: 1300
Processor Information for processor 3
  Max Mhz: 1300, Current Mhz: 1300, Mhz Limit: 1300
Processor Information for processor 4
  Max Mhz: 900, Current Mhz: 900, Mhz Limit: 900
Processor Information for processor 5
  Max Mhz: 900, Current Mhz: 900, Mhz Limit: 900
Processor Information for processor 6
  Max Mhz: 900, Current Mhz: 900, Mhz Limit: 900
Processor Information for processor 7
  Max Mhz: 900, Current Mhz: 900, Mhz Limit: 900
Processor Information for processor 8
  Max Mhz: 900, Current Mhz: 900, Mhz Limit: 900
Processor Information for processor 9
  Max Mhz: 900, Current Mhz: 900, Mhz Limit: 900
Processor Information for processor 10
  Max Mhz: 900, Current Mhz: 900, Mhz Limit: 900
Processor Information for processor 11
  Max Mhz: 900, Current Mhz: 900, Mhz Limit: 900

Memory: 4k page, system-wide physical 16108M (5294M free)
TotalPageFile size 16108M (AvailPageFile size 167M)
current process WorkingSet (physical memory assigned to process): 12M, peak: 12M
current process commit charge ("private bytes"): 64M, peak: 316M

vm_info: OpenJDK 64-Bit Server VM (21.0.7+6-LTS) for windows-amd64 JRE (21.0.7+6-LTS), built on 2025-04-09T22:17:25Z by "MicrosoftCorporation" with unknown MS VC++:1939

END.
